<?xml version="1.0" encoding="UTF-8"?>
<!-- Generated by org.testng.reporters.JUnitReportReporter -->
<testsuite skipped="0" hostname="macpk-wks-0076" name="DataDrivenConcept.HalfEbayTest" tests="4" failures="0" timestamp="06 Feb 2019 04:44:57 GMT" time="53.227" errors="0">
  <testcase name="HalfEbay" time="11.886" classname="DataDrivenConcept.HalfEbayTest"/>
  <testcase name="HalfEbay" time="13.040" classname="DataDrivenConcept.HalfEbayTest"/>
  <testcase name="HalfEbay" time="14.243" classname="DataDrivenConcept.HalfEbayTest"/>
  <testcase name="HalfEbay" time="14.058" classname="DataDrivenConcept.HalfEbayTest"/>
</testsuite> <!-- DataDrivenConcept.HalfEbayTest -->
