<?xml version="1.0" encoding="UTF-8"?>
<!-- Generated by org.testng.reporters.JUnitReportReporter -->
<testsuite skipped="0" hostname="macpk-wks-0076" name="DataDrivenConcept.HalfEbayTest_DataDriven_WithTestNgDataProvider" tests="4" failures="0" timestamp="08 Mar 2019 09:34:29 GMT" time="76.072" errors="0">
  <testcase name="HalfEbay" time="21.406" classname="DataDrivenConcept.HalfEbayTest_DataDriven_WithTestNgDataProvider"/>
  <testcase name="HalfEbay" time="19.578" classname="DataDrivenConcept.HalfEbayTest_DataDriven_WithTestNgDataProvider"/>
  <testcase name="HalfEbay" time="21.205" classname="DataDrivenConcept.HalfEbayTest_DataDriven_WithTestNgDataProvider"/>
  <testcase name="HalfEbay" time="13.883" classname="DataDrivenConcept.HalfEbayTest_DataDriven_WithTestNgDataProvider"/>
</testsuite> <!-- DataDrivenConcept.HalfEbayTest_DataDriven_WithTestNgDataProvider -->
