<?xml version="1.0" encoding="UTF-8"?>
<!-- Generated by org.testng.reporters.JUnitReportReporter -->
<testsuite skipped="0" hostname="macpk-wks-0076" name="SeleniumConcepts.Freecrmtest" tests="1" failures="0" timestamp="03 Feb 2019 13:30:58 GMT" time="24.403" errors="0">
  <testcase name="Test" time="24.403" classname="SeleniumConcepts.Freecrmtest"/>
</testsuite> <!-- SeleniumConcepts.Freecrmtest -->
