<?xml version="1.0" encoding="UTF-8"?>
<!-- Generated by org.testng.reporters.JUnitReportReporter -->
<testsuite skipped="0" hostname="macpk-wks-0076" name="DataDrivenConcept.HalfEbayTest_DataDriven_WithExcelOnly" tests="1" failures="0" timestamp="06 Feb 2019 05:43:39 GMT" time="14.194" errors="0">
  <testcase name="HalfEbay" time="14.194" classname="DataDrivenConcept.HalfEbayTest_DataDriven_WithExcelOnly"/>
</testsuite> <!-- DataDrivenConcept.HalfEbayTest_DataDriven_WithExcelOnly -->
